 ----------------------------------------
  2023-06-06 11:30 : getmmrepdata_both STARTED 
 ----------------------------------------
	Removing previous webs
  2023-06-06 11:30 : Runtime (in seconds) :  2
 -----------------------------------------------------------------
  2023-06-06 11:30 : getmmrepdata_both FINISHED 
 -----------------------------------------------------------------
 ----------------------------------------
  2023-06-06 12:00 : getmmrepdata_both STARTED 
 ----------------------------------------
	Removing previous webs
  2023-06-06 12:00 : Runtime (in seconds) :  7
 -----------------------------------------------------------------
  2023-06-06 12:00 : getmmrepdata_both FINISHED 
 -----------------------------------------------------------------
 ----------------------------------------
  2023-06-06 12:30 : getmmrepdata_both STARTED 
 ----------------------------------------
	Removing previous webs
  2023-06-06 12:30 : Runtime (in seconds) :  7
 -----------------------------------------------------------------
  2023-06-06 12:30 : getmmrepdata_both FINISHED 
 -----------------------------------------------------------------
 ----------------------------------------
  2023-06-06 13:00 : getmmrepdata_both STARTED 
 ----------------------------------------
	Removing previous webs
  2023-06-06 13:00 : Runtime (in seconds) :  6
 -----------------------------------------------------------------
  2023-06-06 13:00 : getmmrepdata_both FINISHED 
 -----------------------------------------------------------------
 ----------------------------------------
  2023-06-06 13:30 : getmmrepdata_both STARTED 
 ----------------------------------------
	Removing previous webs
  2023-06-06 13:30 : Runtime (in seconds) :  6
 -----------------------------------------------------------------
  2023-06-06 13:30 : getmmrepdata_both FINISHED 
 -----------------------------------------------------------------
 ----------------------------------------
  2023-06-06 14:00 : getmmrepdata_both STARTED 
 ----------------------------------------
	Removing previous webs
  2023-06-06 14:00 : Runtime (in seconds) :  5
 -----------------------------------------------------------------
  2023-06-06 14:00 : getmmrepdata_both FINISHED 
 -----------------------------------------------------------------
 ----------------------------------------
  2023-06-06 14:30 : getmmrepdata_both STARTED 
 ----------------------------------------
	Removing previous webs
  2023-06-06 14:30 : Runtime (in seconds) :  4
 -----------------------------------------------------------------
  2023-06-06 14:30 : getmmrepdata_both FINISHED 
 -----------------------------------------------------------------
 ----------------------------------------
  2023-06-06 15:00 : getmmrepdata_both STARTED 
 ----------------------------------------
	Removing previous webs
  2023-06-06 15:00 : Runtime (in seconds) :  6
 -----------------------------------------------------------------
  2023-06-06 15:00 : getmmrepdata_both FINISHED 
 -----------------------------------------------------------------
 ----------------------------------------
  2023-06-06 15:30 : getmmrepdata_both STARTED 
 ----------------------------------------
	Removing previous webs
  2023-06-06 15:30 : Runtime (in seconds) :  6
 -----------------------------------------------------------------
  2023-06-06 15:30 : getmmrepdata_both FINISHED 
 -----------------------------------------------------------------
 ----------------------------------------
  2023-06-06 16:00 : getmmrepdata_both STARTED 
 ----------------------------------------
	Removing previous webs
  2023-06-06 16:00 : Runtime (in seconds) :  7
 -----------------------------------------------------------------
  2023-06-06 16:00 : getmmrepdata_both FINISHED 
 -----------------------------------------------------------------
 ----------------------------------------
  2023-06-06 16:30 : getmmrepdata_both STARTED 
 ----------------------------------------
	Removing previous webs
  2023-06-06 16:30 : Runtime (in seconds) :  7
 -----------------------------------------------------------------
  2023-06-06 16:30 : getmmrepdata_both FINISHED 
 -----------------------------------------------------------------
 ----------------------------------------
  2023-06-06 17:00 : getmmrepdata_both STARTED 
 ----------------------------------------
	Removing previous webs
  2023-06-06 17:00 : Runtime (in seconds) :  6
 -----------------------------------------------------------------
  2023-06-06 17:00 : getmmrepdata_both FINISHED 
 -----------------------------------------------------------------
 ----------------------------------------
  2023-06-06 17:30 : getmmrepdata_both STARTED 
 ----------------------------------------
	Removing previous webs
  2023-06-06 17:30 : Runtime (in seconds) :  6
 -----------------------------------------------------------------
  2023-06-06 17:30 : getmmrepdata_both FINISHED 
 -----------------------------------------------------------------
 ----------------------------------------
  2023-06-06 18:00 : getmmrepdata_both STARTED 
 ----------------------------------------
	Removing previous webs
  2023-06-06 18:00 : Runtime (in seconds) :  6
 -----------------------------------------------------------------
  2023-06-06 18:00 : getmmrepdata_both FINISHED 
 -----------------------------------------------------------------
 ----------------------------------------
  2023-06-06 18:30 : getmmrepdata_both STARTED 
 ----------------------------------------
	Removing previous webs
  2023-06-06 18:30 : Runtime (in seconds) :  7
 -----------------------------------------------------------------
  2023-06-06 18:30 : getmmrepdata_both FINISHED 
 -----------------------------------------------------------------
 ----------------------------------------
  2023-06-06 19:00 : getmmrepdata_both STARTED 
 ----------------------------------------
	Removing previous webs
  2023-06-06 19:00 : Runtime (in seconds) :  8
 -----------------------------------------------------------------
  2023-06-06 19:00 : getmmrepdata_both FINISHED 
 -----------------------------------------------------------------
 ----------------------------------------
  2023-06-06 19:30 : getmmrepdata_both STARTED 
 ----------------------------------------
	Removing previous webs
  2023-06-06 19:30 : Runtime (in seconds) :  7
 -----------------------------------------------------------------
  2023-06-06 19:30 : getmmrepdata_both FINISHED 
 -----------------------------------------------------------------
 ----------------------------------------
  2023-06-06 20:00 : getmmrepdata_both STARTED 
 ----------------------------------------
	Removing previous webs
  2023-06-06 20:00 : Runtime (in seconds) :  6
 -----------------------------------------------------------------
  2023-06-06 20:00 : getmmrepdata_both FINISHED 
 -----------------------------------------------------------------
 ----------------------------------------
  2023-06-06 20:30 : getmmrepdata_both STARTED 
 ----------------------------------------
	Removing previous webs
  2023-06-06 20:30 : Runtime (in seconds) :  6
 -----------------------------------------------------------------
  2023-06-06 20:30 : getmmrepdata_both FINISHED 
 -----------------------------------------------------------------
 ----------------------------------------
  2023-06-06 21:00 : getmmrepdata_both STARTED 
 ----------------------------------------
	Removing previous webs
  2023-06-06 21:00 : Runtime (in seconds) :  6
 -----------------------------------------------------------------
  2023-06-06 21:00 : getmmrepdata_both FINISHED 
 -----------------------------------------------------------------
 ----------------------------------------
  2023-06-06 21:30 : getmmrepdata_both STARTED 
 ----------------------------------------
	Removing previous webs
  2023-06-06 21:30 : Runtime (in seconds) :  6
 -----------------------------------------------------------------
  2023-06-06 21:30 : getmmrepdata_both FINISHED 
 -----------------------------------------------------------------
 ----------------------------------------
  2023-06-06 22:00 : getmmrepdata_both STARTED 
 ----------------------------------------
	Removing previous webs
  2023-06-06 22:00 : Runtime (in seconds) :  6
 -----------------------------------------------------------------
  2023-06-06 22:00 : getmmrepdata_both FINISHED 
 -----------------------------------------------------------------
 ----------------------------------------
  2023-06-06 22:30 : getmmrepdata_both STARTED 
 ----------------------------------------
	Removing previous webs
  2023-06-06 22:30 : Runtime (in seconds) :  6
 -----------------------------------------------------------------
  2023-06-06 22:30 : getmmrepdata_both FINISHED 
 -----------------------------------------------------------------
 ----------------------------------------
  2023-06-06 23:00 : getmmrepdata_both STARTED 
 ----------------------------------------
	Removing previous webs
  2023-06-06 23:00 : Runtime (in seconds) :  6
 -----------------------------------------------------------------
  2023-06-06 23:00 : getmmrepdata_both FINISHED 
 -----------------------------------------------------------------
 ----------------------------------------
  2023-06-06 23:30 : getmmrepdata_both STARTED 
 ----------------------------------------
	Removing previous webs
  2023-06-06 23:30 : Runtime (in seconds) :  6
 -----------------------------------------------------------------
  2023-06-06 23:30 : getmmrepdata_both FINISHED 
 -----------------------------------------------------------------
 ----------------------------------------
  2023-06-07 00:00 : getmmrepdata_both STARTED 
 ----------------------------------------
	Removing previous webs
  2023-06-07 00:00 : Runtime (in seconds) :  6
 -----------------------------------------------------------------
  2023-06-07 00:00 : getmmrepdata_both FINISHED 
 -----------------------------------------------------------------
 ----------------------------------------
  2023-06-07 00:30 : getmmrepdata_both STARTED 
 ----------------------------------------
	Removing previous webs
  2023-06-07 00:30 : Runtime (in seconds) :  7
 -----------------------------------------------------------------
  2023-06-07 00:30 : getmmrepdata_both FINISHED 
 -----------------------------------------------------------------
 ----------------------------------------
  2023-06-07 01:00 : getmmrepdata_both STARTED 
 ----------------------------------------
	Removing previous webs
  2023-06-07 01:00 : Runtime (in seconds) :  6
 -----------------------------------------------------------------
  2023-06-07 01:00 : getmmrepdata_both FINISHED 
 -----------------------------------------------------------------
 ----------------------------------------
  2023-06-07 01:30 : getmmrepdata_both STARTED 
 ----------------------------------------
	Removing previous webs
  2023-06-07 01:30 : Runtime (in seconds) :  11
 -----------------------------------------------------------------
  2023-06-07 01:30 : getmmrepdata_both FINISHED 
 -----------------------------------------------------------------
 ----------------------------------------
  2023-06-07 02:00 : getmmrepdata_both STARTED 
 ----------------------------------------
	Removing previous webs
  2023-06-07 02:00 : Runtime (in seconds) :  8
 -----------------------------------------------------------------
  2023-06-07 02:00 : getmmrepdata_both FINISHED 
 -----------------------------------------------------------------
 ----------------------------------------
  2023-06-07 02:30 : getmmrepdata_both STARTED 
 ----------------------------------------
	Removing previous webs
  2023-06-07 02:30 : Runtime (in seconds) :  8
 -----------------------------------------------------------------
  2023-06-07 02:30 : getmmrepdata_both FINISHED 
 -----------------------------------------------------------------
 ----------------------------------------
  2023-06-07 03:00 : getmmrepdata_both STARTED 
 ----------------------------------------
	Removing previous webs
  2023-06-07 03:00 : Runtime (in seconds) :  7
 -----------------------------------------------------------------
  2023-06-07 03:00 : getmmrepdata_both FINISHED 
 -----------------------------------------------------------------
 ----------------------------------------
  2023-06-07 03:30 : getmmrepdata_both STARTED 
 ----------------------------------------
	Removing previous webs
  2023-06-07 03:30 : Runtime (in seconds) :  7
 -----------------------------------------------------------------
  2023-06-07 03:30 : getmmrepdata_both FINISHED 
 -----------------------------------------------------------------
 ----------------------------------------
  2023-06-07 04:00 : getmmrepdata_both STARTED 
 ----------------------------------------
	Removing previous webs
  2023-06-07 04:00 : Runtime (in seconds) :  7
 -----------------------------------------------------------------
  2023-06-07 04:00 : getmmrepdata_both FINISHED 
 -----------------------------------------------------------------
 ----------------------------------------
  2023-06-07 04:30 : getmmrepdata_both STARTED 
 ----------------------------------------
	Removing previous webs
  2023-06-07 04:30 : Runtime (in seconds) :  6
 -----------------------------------------------------------------
  2023-06-07 04:30 : getmmrepdata_both FINISHED 
 -----------------------------------------------------------------
 ----------------------------------------
  2023-06-07 05:00 : getmmrepdata_both STARTED 
 ----------------------------------------
	Removing previous webs
  2023-06-07 05:00 : Runtime (in seconds) :  5
 -----------------------------------------------------------------
  2023-06-07 05:00 : getmmrepdata_both FINISHED 
 -----------------------------------------------------------------
 ----------------------------------------
  2023-06-07 05:30 : getmmrepdata_both STARTED 
 ----------------------------------------
	Removing previous webs
  2023-06-07 05:30 : Runtime (in seconds) :  8
 -----------------------------------------------------------------
  2023-06-07 05:30 : getmmrepdata_both FINISHED 
 -----------------------------------------------------------------
 ----------------------------------------
  2023-06-07 06:00 : getmmrepdata_both STARTED 
 ----------------------------------------
	Removing previous webs
  2023-06-07 06:00 : Runtime (in seconds) :  10
 -----------------------------------------------------------------
  2023-06-07 06:00 : getmmrepdata_both FINISHED 
 -----------------------------------------------------------------
 ----------------------------------------
  2023-06-07 06:30 : getmmrepdata_both STARTED 
 ----------------------------------------
	Removing previous webs
  2023-06-07 06:30 : Runtime (in seconds) :  7
 -----------------------------------------------------------------
  2023-06-07 06:30 : getmmrepdata_both FINISHED 
 -----------------------------------------------------------------
 ----------------------------------------
  2023-06-07 07:00 : getmmrepdata_both STARTED 
 ----------------------------------------
	Removing previous webs
  2023-06-07 07:00 : Runtime (in seconds) :  5
 -----------------------------------------------------------------
  2023-06-07 07:00 : getmmrepdata_both FINISHED 
 -----------------------------------------------------------------
 ----------------------------------------
  2023-06-07 07:30 : getmmrepdata_both STARTED 
 ----------------------------------------
	Removing previous webs
  2023-06-07 07:30 : Runtime (in seconds) :  5
 -----------------------------------------------------------------
  2023-06-07 07:30 : getmmrepdata_both FINISHED 
 -----------------------------------------------------------------
 ----------------------------------------
  2023-06-07 08:00 : getmmrepdata_both STARTED 
 ----------------------------------------
	Removing previous webs
  2023-06-07 08:00 : Runtime (in seconds) :  5
 -----------------------------------------------------------------
  2023-06-07 08:00 : getmmrepdata_both FINISHED 
 -----------------------------------------------------------------
 ----------------------------------------
  2023-06-07 08:30 : getmmrepdata_both STARTED 
 ----------------------------------------
	Removing previous webs
  2023-06-07 08:30 : Runtime (in seconds) :  6
 -----------------------------------------------------------------
  2023-06-07 08:30 : getmmrepdata_both FINISHED 
 -----------------------------------------------------------------
 ----------------------------------------
  2023-06-07 09:00 : getmmrepdata_both STARTED 
 ----------------------------------------
	Removing previous webs
  2023-06-07 09:00 : Runtime (in seconds) :  5
 -----------------------------------------------------------------
  2023-06-07 09:00 : getmmrepdata_both FINISHED 
 -----------------------------------------------------------------
 ----------------------------------------
  2023-06-07 09:30 : getmmrepdata_both STARTED 
 ----------------------------------------
	Removing previous webs
  2023-06-07 09:30 : Runtime (in seconds) :  6
 -----------------------------------------------------------------
  2023-06-07 09:30 : getmmrepdata_both FINISHED 
 -----------------------------------------------------------------
