biintroi,8130,BIOLBIOL,8130,biintroi,134182,750592,91626,8746081
ahagip,8110,BIOLBIOL,8110,ahagip,11531,440603,16370,1230013
analtmey,8120,BIOLBIOL,8120,analtmey,14,8229,1414,148422
bomurphy,8140,BIOLBIOL,8140,bomurphy,35531,518368,29151,1584524
chkunz,8150,BIOLBIOL,8150,chkunz,136,10659,193,20233
cryosprc,8160,BIOLBIOL,8160,cryosprc,21929,1145026,262704,17655532
diwu,8170,BIOLBIOL,8170,diwu,17560,636845,57055,1450430
eilaube,8180,BIOLBIOL,8180,eilaube,27748,1306416,35781,1408018
iskhusai,8190,BIOLBIOL,8190,iskhusai,606,38851,7775,1763675
javonck,8200,BIOLBIOL,8200,javonck,38739,1353481,97039,11852577
jawiefer,8210,BIOLBIOL,8210,jawiefer,1,28,1,2442
jesachwe,8220,BIOLBIOL,8220,jesachwe,3690,51167,1,2
joschill,8230,BIOLBIOL,8230,joschill,1,150,1484,146328
jucastil,8240,BIOLBIOL,8240,jucastil,29,1109,3215,67187
kakayast,8250,BIOLBIOL,8250,kakayast,1,4,62935,88630
ledietri,8260,BIOLBIOL,8260,ledietri,131637,2325664,83325,999296
mabernha,8270,BIOLBIOL,8270,mabernha,255,5107,0,1
macentol,8280,BIOLBIOL,8280,macentol,44534,1135027,16469,1147421
matuijte,8290,BIOLBIOL,8290,matuijte,1,1297,3,9
mayin,8300,BIOLBIOL,8300,mayin,28313,1494014,95366,6798681
niklusch,8310,BIOLBIOL,8310,niklusch,29852,967248,72883,7878733
oeyildiz,8320,BIOLBIOL,8320,oeyildiz,73131,1772963,32,4252
olpfeil,8330,BIOLBIOL,8330,olpfeil,116863,1597163,22849,1326512
paornela,8340,BIOLBIOL,8340,paornela,7036,1492061,37092,2056752
rakhera,8350,BIOLBIOL,8350,rakhera,4876,236738,12443,1176919
rasteinh,8360,BIOLBIOL,8360,rasteinh,14282,741358,38154,4799571
retanigu,8370,BIOLBIOL,8370,retanigu,2179,31824,6199,954306
samehlma,8380,BIOLBIOL,8380,samehlma,31937,505459,62077,3484902
siprinz,8390,BIOLBIOL,8390,siprinz,4063,174489,1,2
sischnei,8400,BIOLBIOL,8400,sischnei,18970,852852,37890,3720919
thgeweri,8410,BIOLBIOL,8410,thgeweri,8557,539775,35002,1262431
vidubach,8420,BIOLBIOL,8420,vidubach,7663,944205,17858,6647676
wekuehlb,8430,BIOLBIOL,8430,wekuehlb,31339,3943834,3900,827166
yolee,8440,BIOLBIOL,8440,yolee,32,147425,11108,250701
yvhellmi,8450,BIOLBIOL,8450,yvhellmi,1,23096,800,141279
